[27-Nov-2018 17:36:31 UTC] PHP Warning:  include(carousel.php): failed to open stream: No such file or directory in /home/ubuntu/workspace/CST336/labs/lab_10/index.php on line 45
[27-Nov-2018 17:36:31 UTC] PHP Stack trace:
[27-Nov-2018 17:36:31 UTC] PHP   1. {main}() /home/ubuntu/workspace/CST336/labs/lab_10/index.php:0
[27-Nov-2018 17:36:31 UTC] PHP Warning:  include(): Failed opening 'carousel.php' for inclusion (include_path='.:/usr/share/php:/usr/share/pear') in /home/ubuntu/workspace/CST336/labs/lab_10/index.php on line 45
[27-Nov-2018 17:36:31 UTC] PHP Stack trace:
[27-Nov-2018 17:36:31 UTC] PHP   1. {main}() /home/ubuntu/workspace/CST336/labs/lab_10/index.php:0
[27-Nov-2018 17:36:31 UTC] PHP Fatal error:  Call to undefined function carousel() in /home/ubuntu/workspace/CST336/labs/lab_10/index.php on line 46
[27-Nov-2018 17:36:31 UTC] PHP Stack trace:
[27-Nov-2018 17:36:31 UTC] PHP   1. {main}() /home/ubuntu/workspace/CST336/labs/lab_10/index.php:0
[27-Nov-2018 17:39:29 UTC] PHP Fatal error:  Uncaught exception 'UnexpectedValueException' with message 'DirectoryIterator::__construct(/CST336/labs/lab_10/img): failed to open dir: No such file or directory' in /home/ubuntu/workspace/CST336/labs/lab_10/inc/carousel.php:14
Stack trace:
#0 /home/ubuntu/workspace/CST336/labs/lab_10/inc/carousel.php(14): DirectoryIterator->__construct('/CST336/labs/la...')
#1 /home/ubuntu/workspace/CST336/labs/lab_10/index.php(46): carousel()
#2 {main}
  thrown in /home/ubuntu/workspace/CST336/labs/lab_10/inc/carousel.php on line 14
[27-Nov-2018 21:26:31 UTC] PHP Warning:  include(carousel.php): failed to open stream: No such file or directory in /home/ubuntu/workspace/CST336/labs/lab_10/index.php on line 44
[27-Nov-2018 21:26:31 UTC] PHP Stack trace:
[27-Nov-2018 21:26:31 UTC] PHP   1. {main}() /home/ubuntu/workspace/CST336/labs/lab_10/index.php:0
[27-Nov-2018 21:26:31 UTC] PHP Warning:  include(): Failed opening 'carousel.php' for inclusion (include_path='.:/usr/share/php:/usr/share/pear') in /home/ubuntu/workspace/CST336/labs/lab_10/index.php on line 44
[27-Nov-2018 21:26:31 UTC] PHP Stack trace:
[27-Nov-2018 21:26:31 UTC] PHP   1. {main}() /home/ubuntu/workspace/CST336/labs/lab_10/index.php:0
[27-Nov-2018 21:26:31 UTC] PHP Fatal error:  Call to undefined function carousel() in /home/ubuntu/workspace/CST336/labs/lab_10/index.php on line 46
[27-Nov-2018 21:26:31 UTC] PHP Stack trace:
[27-Nov-2018 21:26:31 UTC] PHP   1. {main}() /home/ubuntu/workspace/CST336/labs/lab_10/index.php:0
[27-Nov-2018 21:27:24 UTC] PHP Warning:  trim(): Invalid '..'-range, no character to the left of '..' in /home/ubuntu/workspace/CST336/labs/lab_10/inc/carousel.php on line 28
[27-Nov-2018 21:27:24 UTC] PHP Stack trace:
[27-Nov-2018 21:27:24 UTC] PHP   1. {main}() /home/ubuntu/workspace/CST336/labs/lab_10/index.php:0
[27-Nov-2018 21:27:24 UTC] PHP   2. carousel() /home/ubuntu/workspace/CST336/labs/lab_10/index.php:46
[27-Nov-2018 21:27:24 UTC] PHP   3. trim() /home/ubuntu/workspace/CST336/labs/lab_10/inc/carousel.php:28
[27-Nov-2018 21:27:24 UTC] PHP Warning:  trim(): Invalid '..'-range, no character to the left of '..' in /home/ubuntu/workspace/CST336/labs/lab_10/inc/carousel.php on line 28
[27-Nov-2018 21:27:24 UTC] PHP Stack trace:
[27-Nov-2018 21:27:24 UTC] PHP   1. {main}() /home/ubuntu/workspace/CST336/labs/lab_10/index.php:0
[27-Nov-2018 21:27:24 UTC] PHP   2. carousel() /home/ubuntu/workspace/CST336/labs/lab_10/index.php:46
[27-Nov-2018 21:27:24 UTC] PHP   3. trim() /home/ubuntu/workspace/CST336/labs/lab_10/inc/carousel.php:28
[27-Nov-2018 21:27:24 UTC] PHP Warning:  trim(): Invalid '..'-range, no character to the left of '..' in /home/ubuntu/workspace/CST336/labs/lab_10/inc/carousel.php on line 28
[27-Nov-2018 21:27:24 UTC] PHP Stack trace:
[27-Nov-2018 21:27:24 UTC] PHP   1. {main}() /home/ubuntu/workspace/CST336/labs/lab_10/index.php:0
[27-Nov-2018 21:27:24 UTC] PHP   2. carousel() /home/ubuntu/workspace/CST336/labs/lab_10/index.php:46
[27-Nov-2018 21:27:24 UTC] PHP   3. trim() /home/ubuntu/workspace/CST336/labs/lab_10/inc/carousel.php:28
[27-Nov-2018 21:27:24 UTC] PHP Warning:  trim(): Invalid '..'-range, no character to the left of '..' in /home/ubuntu/workspace/CST336/labs/lab_10/inc/carousel.php on line 28
[27-Nov-2018 21:27:24 UTC] PHP Stack trace:
[27-Nov-2018 21:27:24 UTC] PHP   1. {main}() /home/ubuntu/workspace/CST336/labs/lab_10/index.php:0
[27-Nov-2018 21:27:24 UTC] PHP   2. carousel() /home/ubuntu/workspace/CST336/labs/lab_10/index.php:46
[27-Nov-2018 21:27:24 UTC] PHP   3. trim() /home/ubuntu/workspace/CST336/labs/lab_10/inc/carousel.php:28
[27-Nov-2018 21:27:24 UTC] PHP Warning:  trim(): Invalid '..'-range, no character to the left of '..' in /home/ubuntu/workspace/CST336/labs/lab_10/inc/carousel.php on line 28
[27-Nov-2018 21:27:24 UTC] PHP Stack trace:
[27-Nov-2018 21:27:24 UTC] PHP   1. {main}() /home/ubuntu/workspace/CST336/labs/lab_10/index.php:0
[27-Nov-2018 21:27:24 UTC] PHP   2. carousel() /home/ubuntu/workspace/CST336/labs/lab_10/index.php:46
[27-Nov-2018 21:27:24 UTC] PHP   3. trim() /home/ubuntu/workspace/CST336/labs/lab_10/inc/carousel.php:28
[27-Nov-2018 21:27:24 UTC] PHP Warning:  trim(): Invalid '..'-range, no character to the left of '..' in /home/ubuntu/workspace/CST336/labs/lab_10/inc/carousel.php on line 28
[27-Nov-2018 21:27:24 UTC] PHP Stack trace:
[27-Nov-2018 21:27:24 UTC] PHP   1. {main}() /home/ubuntu/workspace/CST336/labs/lab_10/index.php:0
[27-Nov-2018 21:27:24 UTC] PHP   2. carousel() /home/ubuntu/workspace/CST336/labs/lab_10/index.php:46
[27-Nov-2018 21:27:24 UTC] PHP   3. trim() /home/ubuntu/workspace/CST336/labs/lab_10/inc/carousel.php:28
[27-Nov-2018 21:27:24 UTC] PHP Warning:  trim(): Invalid '..'-range, no character to the left of '..' in /home/ubuntu/workspace/CST336/labs/lab_10/inc/carousel.php on line 28
[27-Nov-2018 21:27:24 UTC] PHP Stack trace:
[27-Nov-2018 21:27:24 UTC] PHP   1. {main}() /home/ubuntu/workspace/CST336/labs/lab_10/index.php:0
[27-Nov-2018 21:27:24 UTC] PHP   2. carousel() /home/ubuntu/workspace/CST336/labs/lab_10/index.php:46
[27-Nov-2018 21:27:24 UTC] PHP   3. trim() /home/ubuntu/workspace/CST336/labs/lab_10/inc/carousel.php:28
[27-Nov-2018 21:27:24 UTC] PHP Warning:  trim(): Invalid '..'-range, no character to the left of '..' in /home/ubuntu/workspace/CST336/labs/lab_10/inc/carousel.php on line 28
[27-Nov-2018 21:27:24 UTC] PHP Stack trace:
[27-Nov-2018 21:27:24 UTC] PHP   1. {main}() /home/ubuntu/workspace/CST336/labs/lab_10/index.php:0
[27-Nov-2018 21:27:24 UTC] PHP   2. carousel() /home/ubuntu/workspace/CST336/labs/lab_10/index.php:46
[27-Nov-2018 21:27:24 UTC] PHP   3. trim() /home/ubuntu/workspace/CST336/labs/lab_10/inc/carousel.php:28
[27-Nov-2018 21:27:24 UTC] PHP Warning:  trim(): Invalid '..'-range, no character to the left of '..' in /home/ubuntu/workspace/CST336/labs/lab_10/inc/carousel.php on line 28
[27-Nov-2018 21:27:24 UTC] PHP Stack trace:
[27-Nov-2018 21:27:24 UTC] PHP   1. {main}() /home/ubuntu/workspace/CST336/labs/lab_10/index.php:0
[27-Nov-2018 21:27:24 UTC] PHP   2. carousel() /home/ubuntu/workspace/CST336/labs/lab_10/index.php:46
[27-Nov-2018 21:27:24 UTC] PHP   3. trim() /home/ubuntu/workspace/CST336/labs/lab_10/inc/carousel.php:28
[27-Nov-2018 21:27:24 UTC] PHP Warning:  trim(): Invalid '..'-range, no character to the left of '..' in /home/ubuntu/workspace/CST336/labs/lab_10/inc/carousel.php on line 28
[27-Nov-2018 21:27:24 UTC] PHP Stack trace:
[27-Nov-2018 21:27:24 UTC] PHP   1. {main}() /home/ubuntu/workspace/CST336/labs/lab_10/index.php:0
[27-Nov-2018 21:27:24 UTC] PHP   2. carousel() /home/ubuntu/workspace/CST336/labs/lab_10/index.php:46
[27-Nov-2018 21:27:24 UTC] PHP   3. trim() /home/ubuntu/workspace/CST336/labs/lab_10/inc/carousel.php:28
[27-Nov-2018 21:27:24 UTC] PHP Warning:  trim(): Invalid '..'-range, no character to the left of '..' in /home/ubuntu/workspace/CST336/labs/lab_10/inc/carousel.php on line 28
[27-Nov-2018 21:27:24 UTC] PHP Stack trace:
[27-Nov-2018 21:27:24 UTC] PHP   1. {main}() /home/ubuntu/workspace/CST336/labs/lab_10/index.php:0
[27-Nov-2018 21:27:24 UTC] PHP   2. carousel() /home/ubuntu/workspace/CST336/labs/lab_10/index.php:46
[27-Nov-2018 21:27:24 UTC] PHP   3. trim() /home/ubuntu/workspace/CST336/labs/lab_10/inc/carousel.php:28
[27-Nov-2018 21:27:24 UTC] PHP Warning:  trim(): Invalid '..'-range, no character to the left of '..' in /home/ubuntu/workspace/CST336/labs/lab_10/inc/carousel.php on line 28
[27-Nov-2018 21:27:24 UTC] PHP Stack trace:
[27-Nov-2018 21:27:24 UTC] PHP   1. {main}() /home/ubuntu/workspace/CST336/labs/lab_10/index.php:0
[27-Nov-2018 21:27:24 UTC] PHP   2. carousel() /home/ubuntu/workspace/CST336/labs/lab_10/index.php:46
[27-Nov-2018 21:27:24 UTC] PHP   3. trim() /home/ubuntu/workspace/CST336/labs/lab_10/inc/carousel.php:28
[27-Nov-2018 21:27:25 UTC] PHP Warning:  trim(): Invalid '..'-range, no character to the left of '..' in /home/ubuntu/workspace/CST336/labs/lab_10/inc/carousel.php on line 28
[27-Nov-2018 21:27:25 UTC] PHP Stack trace:
[27-Nov-2018 21:27:25 UTC] PHP   1. {main}() /home/ubuntu/workspace/CST336/labs/lab_10/index.php:0
[27-Nov-2018 21:27:25 UTC] PHP   2. carousel() /home/ubuntu/workspace/CST336/labs/lab_10/index.php:46
[27-Nov-2018 21:27:25 UTC] PHP   3. trim() /home/ubuntu/workspace/CST336/labs/lab_10/inc/carousel.php:28
[27-Nov-2018 21:27:25 UTC] PHP Warning:  trim(): Invalid '..'-range, no character to the left of '..' in /home/ubuntu/workspace/CST336/labs/lab_10/inc/carousel.php on line 28
[27-Nov-2018 21:27:25 UTC] PHP Stack trace:
[27-Nov-2018 21:27:25 UTC] PHP   1. {main}() /home/ubuntu/workspace/CST336/labs/lab_10/index.php:0
[27-Nov-2018 21:27:25 UTC] PHP   2. carousel() /home/ubuntu/workspace/CST336/labs/lab_10/index.php:46
[27-Nov-2018 21:27:25 UTC] PHP   3. trim() /home/ubuntu/workspace/CST336/labs/lab_10/inc/carousel.php:28
[27-Nov-2018 21:27:25 UTC] PHP Warning:  trim(): Invalid '..'-range, no character to the left of '..' in /home/ubuntu/workspace/CST336/labs/lab_10/inc/carousel.php on line 28
[27-Nov-2018 21:27:25 UTC] PHP Stack trace:
[27-Nov-2018 21:27:25 UTC] PHP   1. {main}() /home/ubuntu/workspace/CST336/labs/lab_10/index.php:0
[27-Nov-2018 21:27:25 UTC] PHP   2. carousel() /home/ubuntu/workspace/CST336/labs/lab_10/index.php:46
[27-Nov-2018 21:27:25 UTC] PHP   3. trim() /home/ubuntu/workspace/CST336/labs/lab_10/inc/carousel.php:28
[27-Nov-2018 21:27:25 UTC] PHP Warning:  trim(): Invalid '..'-range, no character to the left of '..' in /home/ubuntu/workspace/CST336/labs/lab_10/inc/carousel.php on line 28
[27-Nov-2018 21:27:25 UTC] PHP Stack trace:
[27-Nov-2018 21:27:25 UTC] PHP   1. {main}() /home/ubuntu/workspace/CST336/labs/lab_10/index.php:0
[27-Nov-2018 21:27:25 UTC] PHP   2. carousel() /home/ubuntu/workspace/CST336/labs/lab_10/index.php:46
[27-Nov-2018 21:27:25 UTC] PHP   3. trim() /home/ubuntu/workspace/CST336/labs/lab_10/inc/carousel.php:28
[27-Nov-2018 21:27:25 UTC] PHP Warning:  trim(): Invalid '..'-range, no character to the left of '..' in /home/ubuntu/workspace/CST336/labs/lab_10/inc/carousel.php on line 28
[27-Nov-2018 21:27:25 UTC] PHP Stack trace:
[27-Nov-2018 21:27:25 UTC] PHP   1. {main}() /home/ubuntu/workspace/CST336/labs/lab_10/index.php:0
[27-Nov-2018 21:27:25 UTC] PHP   2. carousel() /home/ubuntu/workspace/CST336/labs/lab_10/index.php:46
[27-Nov-2018 21:27:25 UTC] PHP   3. trim() /home/ubuntu/workspace/CST336/labs/lab_10/inc/carousel.php:28
[27-Nov-2018 21:27:25 UTC] PHP Warning:  trim(): Invalid '..'-range, no character to the left of '..' in /home/ubuntu/workspace/CST336/labs/lab_10/inc/carousel.php on line 28
[27-Nov-2018 21:27:25 UTC] PHP Stack trace:
[27-Nov-2018 21:27:25 UTC] PHP   1. {main}() /home/ubuntu/workspace/CST336/labs/lab_10/index.php:0
[27-Nov-2018 21:27:25 UTC] PHP   2. carousel() /home/ubuntu/workspace/CST336/labs/lab_10/index.php:46
[27-Nov-2018 21:27:25 UTC] PHP   3. trim() /home/ubuntu/workspace/CST336/labs/lab_10/inc/carousel.php:28
[27-Nov-2018 21:27:25 UTC] PHP Warning:  trim(): Invalid '..'-range, no character to the left of '..' in /home/ubuntu/workspace/CST336/labs/lab_10/inc/carousel.php on line 28
[27-Nov-2018 21:27:25 UTC] PHP Stack trace:
[27-Nov-2018 21:27:25 UTC] PHP   1. {main}() /home/ubuntu/workspace/CST336/labs/lab_10/index.php:0
[27-Nov-2018 21:27:25 UTC] PHP   2. carousel() /home/ubuntu/workspace/CST336/labs/lab_10/index.php:46
[27-Nov-2018 21:27:25 UTC] PHP   3. trim() /home/ubuntu/workspace/CST336/labs/lab_10/inc/carousel.php:28
[27-Nov-2018 21:27:25 UTC] PHP Warning:  trim(): Invalid '..'-range, no character to the left of '..' in /home/ubuntu/workspace/CST336/labs/lab_10/inc/carousel.php on line 28
[27-Nov-2018 21:27:25 UTC] PHP Stack trace:
[27-Nov-2018 21:27:25 UTC] PHP   1. {main}() /home/ubuntu/workspace/CST336/labs/lab_10/index.php:0
[27-Nov-2018 21:27:25 UTC] PHP   2. carousel() /home/ubuntu/workspace/CST336/labs/lab_10/index.php:46
[27-Nov-2018 21:27:25 UTC] PHP   3. trim() /home/ubuntu/workspace/CST336/labs/lab_10/inc/carousel.php:28
[27-Nov-2018 21:27:25 UTC] PHP Warning:  trim(): Invalid '..'-range, no character to the left of '..' in /home/ubuntu/workspace/CST336/labs/lab_10/inc/carousel.php on line 28
[27-Nov-2018 21:27:25 UTC] PHP Stack trace:
[27-Nov-2018 21:27:25 UTC] PHP   1. {main}() /home/ubuntu/workspace/CST336/labs/lab_10/index.php:0
[27-Nov-2018 21:27:25 UTC] PHP   2. carousel() /home/ubuntu/workspace/CST336/labs/lab_10/index.php:46
[27-Nov-2018 21:27:25 UTC] PHP   3. trim() /home/ubuntu/workspace/CST336/labs/lab_10/inc/carousel.php:28
[27-Nov-2018 21:27:25 UTC] PHP Warning:  trim(): Invalid '..'-range, no character to the left of '..' in /home/ubuntu/workspace/CST336/labs/lab_10/inc/carousel.php on line 28
[27-Nov-2018 21:27:25 UTC] PHP Stack trace:
[27-Nov-2018 21:27:25 UTC] PHP   1. {main}() /home/ubuntu/workspace/CST336/labs/lab_10/index.php:0
[27-Nov-2018 21:27:25 UTC] PHP   2. carousel() /home/ubuntu/workspace/CST336/labs/lab_10/index.php:46
[27-Nov-2018 21:27:25 UTC] PHP   3. trim() /home/ubuntu/workspace/CST336/labs/lab_10/inc/carousel.php:28
[27-Nov-2018 21:27:25 UTC] PHP Warning:  trim(): Invalid '..'-range, no character to the left of '..' in /home/ubuntu/workspace/CST336/labs/lab_10/inc/carousel.php on line 28
[27-Nov-2018 21:27:25 UTC] PHP Stack trace:
[27-Nov-2018 21:27:25 UTC] PHP   1. {main}() /home/ubuntu/workspace/CST336/labs/lab_10/index.php:0
[27-Nov-2018 21:27:25 UTC] PHP   2. carousel() /home/ubuntu/workspace/CST336/labs/lab_10/index.php:46
[27-Nov-2018 21:27:25 UTC] PHP   3. trim() /home/ubuntu/workspace/CST336/labs/lab_10/inc/carousel.php:28
[27-Nov-2018 21:27:25 UTC] PHP Warning:  trim(): Invalid '..'-range, no character to the left of '..' in /home/ubuntu/workspace/CST336/labs/lab_10/inc/carousel.php on line 28
[27-Nov-2018 21:27:25 UTC] PHP Stack trace:
[27-Nov-2018 21:27:25 UTC] PHP   1. {main}() /home/ubuntu/workspace/CST336/labs/lab_10/index.php:0
[27-Nov-2018 21:27:25 UTC] PHP   2. carousel() /home/ubuntu/workspace/CST336/labs/lab_10/index.php:46
[27-Nov-2018 21:27:25 UTC] PHP   3. trim() /home/ubuntu/workspace/CST336/labs/lab_10/inc/carousel.php:28
