[12-Dec-2018 21:00:31 UTC] PHP Fatal error:  Uncaught exception 'PDOException' with message 'SQLSTATE[HY093]: Invalid parameter number: number of bound variables does not match number of tokens' in /home/ubuntu/workspace/CST336/final_project/core/guest.php:25
Stack trace:
#0 /home/ubuntu/workspace/CST336/final_project/core/guest.php(25): PDOStatement->execute(Array)
#1 {main}
  thrown in /home/ubuntu/workspace/CST336/final_project/core/guest.php on line 25
[12-Dec-2018 22:27:30 UTC] PHP Fatal error:  Uncaught exception 'PDOException' with message 'SQLSTATE[42000]: Syntax error or access violation: 1064 You have an error in your SQL syntax; check the manual that corresponds to your MySQL server version for the right syntax to use near '* FROM final_songs WHERE id = 25' at line 1' in /home/ubuntu/workspace/CST336/final_project/core/deleteRecord.php:12
Stack trace:
#0 /home/ubuntu/workspace/CST336/final_project/core/deleteRecord.php(12): PDOStatement->execute()
#1 {main}
  thrown in /home/ubuntu/workspace/CST336/final_project/core/deleteRecord.php on line 12
[12-Dec-2018 22:32:52 UTC] PHP Fatal error:  Uncaught exception 'PDOException' with message 'SQLSTATE[HY093]: Invalid parameter number: no parameters were bound' in /home/ubuntu/workspace/CST336/final_project/core/updateRecord.php:57
Stack trace:
#0 /home/ubuntu/workspace/CST336/final_project/core/updateRecord.php(57): PDOStatement->execute()
#1 {main}
  thrown in /home/ubuntu/workspace/CST336/final_project/core/updateRecord.php on line 57
[12-Dec-2018 22:33:10 UTC] PHP Fatal error:  Uncaught exception 'PDOException' with message 'SQLSTATE[42000]: Syntax error or access violation: 1064 You have an error in your SQL syntax; check the manual that corresponds to your MySQL server version for the right syntax to use near '' at line 1' in /home/ubuntu/workspace/CST336/final_project/inc/functions.php:75
Stack trace:
#0 /home/ubuntu/workspace/CST336/final_project/inc/functions.php(75): PDOStatement->execute()
#1 /home/ubuntu/workspace/CST336/final_project/core/updateRecord.php(65): getProductInfo(NULL, 'song')
#2 {main}
  thrown in /home/ubuntu/workspace/CST336/final_project/inc/functions.php on line 75
[12-Dec-2018 22:33:14 UTC] PHP Fatal error:  Uncaught exception 'PDOException' with message 'SQLSTATE[42000]: Syntax error or access violation: 1064 You have an error in your SQL syntax; check the manual that corresponds to your MySQL server version for the right syntax to use near '' at line 1' in /home/ubuntu/workspace/CST336/final_project/inc/functions.php:75
Stack trace:
#0 /home/ubuntu/workspace/CST336/final_project/inc/functions.php(75): PDOStatement->execute()
#1 /home/ubuntu/workspace/CST336/final_project/core/updateRecord.php(65): getProductInfo(NULL, 'song')
#2 {main}
  thrown in /home/ubuntu/workspace/CST336/final_project/inc/functions.php on line 75
